<?xml version="1.0" encoding="UTF-8"?>
<!-- Generated by org.testng.reporters.JUnitXMLReporter -->
<testsuite ignored="4" hostname="LTIN593363" failures="0" tests="17" name="Test1" time="64.838" errors="0" timestamp="16 May 2025 04:58:13 GMT">
  <testcase classname="mainclasses.UpcomingBikeTest" name="searchForNewBikes" time="3.275"/>
  <testcase classname="mainclasses.UpcomingBikeTest" name="searchForUpcomingBikes" time="0.83"/>
  <testcase classname="mainclasses.UpcomingBikeTest" name="searchForAllUpcomingBikes" time="0.786"/>
  <testcase classname="mainclasses.UpcomingBikeTest" name="searchForHondaBikes" time="0.66"/>
  <testcase classname="mainclasses.UpcomingBikeTest" name="getNames" time="0.245"/>
  <testcase classname="mainclasses.UpcomingBikeTest" name="getPrices" time="0.167"/>
  <testcase classname="mainclasses.UpcomingBikeTest" name="getLaunchDates" time="0.577"/>
  <testcase classname="mainclasses.UpcomingBikeTest" name="writeUpcomingToExcel" time="2.173"/>
  <testcase classname="mainclasses.UsedCarTest" name="menuDropdownClickable" time="0.841"/>
  <testcase classname="mainclasses.UsedCarTest" name="dropdownDisplaysOptions" time="1.336"/>
  <testcase classname="mainclasses.UsedCarTest" name="usedCarsPresent" time="1.231"/>
  <testcase classname="mainclasses.UsedCarTest" name="usedCarsClickable" time="2.318"/>
  <testcase classname="mainclasses.UsedCarTest" name="verifyCityFilterOpens" time="0.058"/>
  <testcase classname="mainclasses.UsedCarTest" name="citySelection" time="0.837"/>
  <testcase classname="mainclasses.UsedCarTest" name="verifyPopularModelsDisplayed" time="0.072"/>
  <testcase classname="mainclasses.UsedCarTest" name="writePopularModelsToExcel" time="0.764"/>
  <testcase classname="mainclasses.LoginTest" name="testInvalidLogin" time="7.739"/>
  <testcase classname="mainclasses.ReportGeneration" name="@BeforeSuite setupExtentReports" time="0.0">
    <ignored/>
  </testcase> <!-- @BeforeSuite setupExtentReports -->
  <testcase classname="mainclasses.ReportGeneration" name="@BeforeSuite setupExtentReports" time="0.0">
    <ignored/>
  </testcase> <!-- @BeforeSuite setupExtentReports -->
  <testcase classname="mainclasses.ReportGeneration" name="@AfterSuite tearDownExtentReports" time="0.0">
    <ignored/>
  </testcase> <!-- @AfterSuite tearDownExtentReports -->
  <testcase classname="mainclasses.ReportGeneration" name="@AfterSuite tearDownExtentReports" time="0.0">
    <ignored/>
  </testcase> <!-- @AfterSuite tearDownExtentReports -->
</testsuite> <!-- Test1 -->
