<?xml version="1.0" encoding="UTF-8"?>
<!-- Generated by org.testng.reporters.JUnitXMLReporter -->
<testsuite ignored="4" hostname="LTIN593363" failures="0" tests="17" name="Test2" time="51.536" errors="0" timestamp="14 May 2025 11:52:48 GMT">
  <testcase classname="mainclasses.UpcomingBikeTest" name="searchForNewBikes" time="1.199"/>
  <testcase classname="mainclasses.UpcomingBikeTest" name="searchForUpcomingBikes" time="0.079"/>
  <testcase classname="mainclasses.UpcomingBikeTest" name="searchForAllUpcomingBikes" time="0.525"/>
  <testcase classname="mainclasses.UpcomingBikeTest" name="searchForHondaBikes" time="0.417"/>
  <testcase classname="mainclasses.UpcomingBikeTest" name="getNames" time="0.12"/>
  <testcase classname="mainclasses.UpcomingBikeTest" name="getPrices" time="0.114"/>
  <testcase classname="mainclasses.UpcomingBikeTest" name="getLaunchDates" time="0.082"/>
  <testcase classname="mainclasses.UpcomingBikeTest" name="writeUpcomingToExcel" time="0.477"/>
  <testcase classname="mainclasses.UsedCarTest" name="menuDropdownClickable" time="0.289"/>
  <testcase classname="mainclasses.UsedCarTest" name="dropdownDisplaysOptions" time="1.265"/>
  <testcase classname="mainclasses.UsedCarTest" name="usedCarsPresent" time="1.184"/>
  <testcase classname="mainclasses.UsedCarTest" name="usedCarsClickable" time="3.518"/>
  <testcase classname="mainclasses.UsedCarTest" name="verifyCityFilterOpens" time="0.066"/>
  <testcase classname="mainclasses.UsedCarTest" name="citySelection" time="0.623"/>
  <testcase classname="mainclasses.UsedCarTest" name="verifyPopularModelsDisplayed" time="0.052"/>
  <testcase classname="mainclasses.UsedCarTest" name="writePopularModelsToExcel" time="0.39"/>
  <testcase classname="mainclasses.LoginTest" name="testInvalidLogin" time="3.942"/>
  <testcase classname="mainclasses.ReportGeneration" name="@BeforeSuite setupExtentReports" time="0.0">
    <ignored/>
  </testcase> <!-- @BeforeSuite setupExtentReports -->
  <testcase classname="mainclasses.ReportGeneration" name="@BeforeSuite setupExtentReports" time="0.0">
    <ignored/>
  </testcase> <!-- @BeforeSuite setupExtentReports -->
  <testcase classname="mainclasses.ReportGeneration" name="@AfterSuite tearDownExtentReports" time="0.0">
    <ignored/>
  </testcase> <!-- @AfterSuite tearDownExtentReports -->
  <testcase classname="mainclasses.ReportGeneration" name="@AfterSuite tearDownExtentReports" time="0.0">
    <ignored/>
  </testcase> <!-- @AfterSuite tearDownExtentReports -->
</testsuite> <!-- Test2 -->
